{
  "stats": {
    "suites": 1,
    "tests": 9,
    "passes": 7,
    "pending": 0,
    "failures": 2,
    "start": "2024-01-14T23:37:24.823Z",
    "end": "2024-01-14T23:37:25.060Z",
    "duration": 237,
    "testsRegistered": 9,
    "passPercent": 77.77777777777779,
    "pendingPercent": 0,
    "other": 0,
    "hasOther": false,
    "skipped": 0,
    "hasSkipped": false
  },
  "results": [
    {
      "uuid": "abe6da17-fd79-4cd1-85f3-f171518fb3ce",
      "title": "",
      "fullFile": "C:\\Users\\Ahmed.El-Sherbini\\Desktop\\New folder\\API\\tests\\API.test.js",
      "file": "\\tests\\API.test.js",
      "beforeHooks": [],
      "afterHooks": [],
      "tests": [],
      "suites": [
        {
          "uuid": "27118a6b-55a3-4e08-b084-bdd051490f99",
          "title": "Test Auth API",
          "fullFile": "C:\\Users\\Ahmed.El-Sherbini\\Desktop\\New folder\\API\\tests\\API.test.js",
          "file": "\\tests\\API.test.js",
          "beforeHooks": [
            {
              "title": "\"before each\" hook in \"Test Auth API\"",
              "fullTitle": "Test Auth API \"before each\" hook in \"Test Auth API\"",
              "timedOut": false,
              "duration": 3,
              "state": null,
              "speed": null,
              "pass": false,
              "fail": false,
              "pending": false,
              "context": null,
              "code": "if (\n  this.currentTest.title === \"Creates new user successfully\" ||\n  this.currentTest.title ===\n    \"Fails registeration if body doesn't contain email\"\n) {\n  // Skip user creation for a specific test\n  console.log(\"Skipping user creation for Specific Test Case\");\n  return;\n}\nawait request(address).post(\"/api/v1/users\").send(registerBody);",
              "err": {},
              "uuid": "10cb0624-b8e1-45e4-be5a-b38a93292b2b",
              "parentUUID": "27118a6b-55a3-4e08-b084-bdd051490f99",
              "isHook": true,
              "skipped": false
            }
          ],
          "afterHooks": [
            {
              "title": "\"after each\" hook in \"Test Auth API\"",
              "fullTitle": "Test Auth API \"after each\" hook in \"Test Auth API\"",
              "timedOut": false,
              "duration": 4,
              "state": null,
              "speed": null,
              "pass": false,
              "fail": false,
              "pending": false,
              "context": null,
              "code": "const response = await request(address)\n  .delete(\"/api/v1/all-users\")\n  .send({ key_admin: \"keyadmin123\" });\nexpect(response.status).equal(200);\nexpect(response.body).to.have.property(\"message\");\nexpect(response.body.message).equal(\"Users deleted with success\");",
              "err": {},
              "uuid": "201de2e3-e3f3-4e3e-9c64-abba147035a5",
              "parentUUID": "27118a6b-55a3-4e08-b084-bdd051490f99",
              "isHook": true,
              "skipped": false
            }
          ],
          "tests": [
            {
              "title": "Creates new user successfully",
              "fullTitle": "Test Auth API Creates new user successfully",
              "timedOut": false,
              "duration": 98,
              "state": "passed",
              "speed": "slow",
              "pass": true,
              "fail": false,
              "pending": false,
              "context": null,
              "code": "const response = await request(address)\n  .post(\"/api/v1/users\")\n  .send(registerBody);\nexpect(response.status).equal(200);\nexpect(response.body).to.have.property(\"message\");\nexpect(response.body.message).equal(\"User registered with success\");\n// expect(response.body).to.have.property(\"token\");",
              "err": {},
              "uuid": "6cc82322-8bb9-46d7-a2ae-5051ea708ac1",
              "parentUUID": "27118a6b-55a3-4e08-b084-bdd051490f99",
              "isHook": false,
              "skipped": false
            },
            {
              "title": "Returns token after creation",
              "fullTitle": "Test Auth API Returns token after creation",
              "timedOut": false,
              "duration": 5,
              "state": "failed",
              "speed": null,
              "pass": false,
              "fail": true,
              "pending": false,
              "context": null,
              "code": "const response = await request(address)\n  .post(\"/api/v1/users\")\n  .send(registerBody);\nexpect(response.status).equal(200);\nexpect(response.body).to.have.property(\"message\");\nexpect(response.body.message).equal(\"User registered with success\");\nexpect(response.body).to.have.property(\"token\");",
              "err": {
                "message": "AssertionError: expected 401 to equal 200",
                "estack": "AssertionError: expected 401 to equal 200\n    at Context.<anonymous> (file:///C:/Users/Ahmed.El-Sherbini/Desktop/New%20folder/API/tests/API.test.js:49:29)\n    at process.processTicksAndRejections (node:internal/process/task_queues:95:5)",
                "diff": "- 401\n+ 200\n"
              },
              "uuid": "cf56cd3f-efdc-48c5-abbc-27e02fa10cfa",
              "parentUUID": "27118a6b-55a3-4e08-b084-bdd051490f99",
              "isHook": false,
              "skipped": false
            },
            {
              "title": "Logins successfully",
              "fullTitle": "Test Auth API Logins successfully",
              "timedOut": false,
              "duration": 4,
              "state": "passed",
              "speed": "fast",
              "pass": true,
              "fail": false,
              "pending": false,
              "context": null,
              "code": "const response = await request(address)\n  .post(\"/api/v1/auth\")\n  .send(loginBody);\nexpect(response.status).equal(200);\nexpect(response.body).to.have.property(\"token\");",
              "err": {},
              "uuid": "13d60dd0-7e58-4081-a807-463eefb691f3",
              "parentUUID": "27118a6b-55a3-4e08-b084-bdd051490f99",
              "isHook": false,
              "skipped": false
            },
            {
              "title": "Deletes user Successfully",
              "fullTitle": "Test Auth API Deletes user Successfully",
              "timedOut": false,
              "duration": 13,
              "state": "passed",
              "speed": "fast",
              "pass": true,
              "fail": false,
              "pending": false,
              "context": null,
              "code": "const token = await loginUser(loginBody);\nconst response = await request(address)\n  .delete(\"/api/v1/users\")\n  .set(\"Authorization\", token);\nexpect(response.status).equal(200);\nexpect(response.body).to.have.property(\"message\");\nexpect(response.body.message).equal(\"User deleted with success!\");\nconst responseLogin = await request(address)\n  .post(\"/api/v1/auth\")\n  .send(loginBody);\nexpect(responseLogin.status).equal(401);",
              "err": {},
              "uuid": "c5dd7dab-ec91-4328-9ab0-9e3807f0de34",
              "parentUUID": "27118a6b-55a3-4e08-b084-bdd051490f99",
              "isHook": false,
              "skipped": false
            },
            {
              "title": "Gets user's data by token",
              "fullTitle": "Test Auth API Gets user's data by token",
              "timedOut": false,
              "duration": 7,
              "state": "passed",
              "speed": "fast",
              "pass": true,
              "fail": false,
              "pending": false,
              "context": null,
              "code": "const token = await loginUser(loginBody);\nconst response = await request(address)\n  .get(\"/api/v1/users\")\n  .set(\"Authorization\", token);\nexpect(response.status).equal(200);\nexpect(response.body).to.have.property(\"id\");\nexpect(response.body).to.have.property(\"name\");\nexpect(response.body).to.have.property(\"email\");\nexpect(response.body.email).equal(loginBody.email);\nexpect(response.body).to.have.property(\"password\");\nexpect(response.body.password).equal(loginBody.password);\nexpect(response.body).to.have.property(\"imageUrl\");",
              "err": {},
              "uuid": "35753450-8fce-4546-95bf-647509f1a6ce",
              "parentUUID": "27118a6b-55a3-4e08-b084-bdd051490f99",
              "isHook": false,
              "skipped": false
            },
            {
              "title": "Patches user's data",
              "fullTitle": "Test Auth API Patches user's data",
              "timedOut": false,
              "duration": 14,
              "state": "passed",
              "speed": "fast",
              "pass": true,
              "fail": false,
              "pending": false,
              "context": null,
              "code": "var token = await loginUser(loginBody);\nconst response = await request(address)\n  .patch(\"/api/v1/users\")\n  .set(\"Authorization\", token)\n  .send(newDataForPatch);\nexpect(response.status).equal(200);\nexpect(response.body).to.have.property(\"message\");\nexpect(response.body.message).equal(\"User updated with success!\");\ntoken = await loginUser(newDataLogin);\nconst responsePatch = await request(address)\n  .get(\"/api/v1/users\")\n  .set(\"Authorization\", token);\nexpect(responsePatch.status).equal(200);\nexpect(responsePatch.body).to.have.property(\"id\");\nexpect(responsePatch.body).to.have.property(\"name\");\nexpect(responsePatch.body).to.have.property(\"email\");\nexpect(responsePatch.body.email).equal(newDataForPatch.email);\nexpect(responsePatch.body).to.have.property(\"password\");\nexpect(responsePatch.body.password).equal(newDataForPatch.password);\nexpect(responsePatch.body).to.have.property(\"imageUrl\");",
              "err": {},
              "uuid": "2201441f-ac6d-4a2d-9929-065b5f433330",
              "parentUUID": "27118a6b-55a3-4e08-b084-bdd051490f99",
              "isHook": false,
              "skipped": false
            },
            {
              "title": "Creates new user with already existing email",
              "fullTitle": "Test Auth API Creates new user with already existing email",
              "timedOut": false,
              "duration": 3,
              "state": "passed",
              "speed": "fast",
              "pass": true,
              "fail": false,
              "pending": false,
              "context": null,
              "code": "//The before each hook already created the user, so we will use the same credentials\nconst response = await request(address)\n  .post(\"/api/v1/users\")\n  .send(registerBody);\nexpect(response.status).equal(401);\nexpect(response.body).to.have.property(\"message\");\nexpect(response.body.message).equal(\"User already registered\");",
              "err": {},
              "uuid": "069f6a97-8e63-42cc-9d32-ffbc1e1a2cbd",
              "parentUUID": "27118a6b-55a3-4e08-b084-bdd051490f99",
              "isHook": false,
              "skipped": false
            },
            {
              "title": "Fails registeration if body doesn't contain email",
              "fullTitle": "Test Auth API Fails registeration if body doesn't contain email",
              "timedOut": false,
              "duration": 5,
              "state": "failed",
              "speed": null,
              "pass": false,
              "fail": true,
              "pending": false,
              "context": null,
              "code": "const response = await request(address)\n  .post(\"/api/v1/users\")\n  .send(invalidRegisterBody);\nexpect(response.status).equal(401);\nexpect(response.body).to.have.property(\"message\");\nexpect(response.body.message).not.equal(\"User registered with success\");",
              "err": {
                "message": "AssertionError: expected 200 to equal 401",
                "estack": "AssertionError: expected 200 to equal 401\n    at Context.<anonymous> (file:///C:/Users/Ahmed.El-Sherbini/Desktop/New%20folder/API/tests/API.test.js:138:29)\n    at process.processTicksAndRejections (node:internal/process/task_queues:95:5)",
                "diff": "- 200\n+ 401\n"
              },
              "uuid": "3949dc0d-a47b-441c-8093-1333251b6393",
              "parentUUID": "27118a6b-55a3-4e08-b084-bdd051490f99",
              "isHook": false,
              "skipped": false
            },
            {
              "title": "Gets user with empty/token field",
              "fullTitle": "Test Auth API Gets user with empty/token field",
              "timedOut": false,
              "duration": 4,
              "state": "passed",
              "speed": "fast",
              "pass": true,
              "fail": false,
              "pending": false,
              "context": null,
              "code": "const response = await request(address)\n  .get(\"/api/v1/users\")\n  .set(\"Authorization\", \"\");\nexpect(response.status).equal(403);\nexpect(response.body).to.have.property(\"message\");\nexpect(response.body.message).equal(\"Unauthorized\");",
              "err": {},
              "uuid": "3514ddfb-a295-4879-aae4-1e896fdf2885",
              "parentUUID": "27118a6b-55a3-4e08-b084-bdd051490f99",
              "isHook": false,
              "skipped": false
            }
          ],
          "suites": [],
          "passes": [
            "6cc82322-8bb9-46d7-a2ae-5051ea708ac1",
            "13d60dd0-7e58-4081-a807-463eefb691f3",
            "c5dd7dab-ec91-4328-9ab0-9e3807f0de34",
            "35753450-8fce-4546-95bf-647509f1a6ce",
            "2201441f-ac6d-4a2d-9929-065b5f433330",
            "069f6a97-8e63-42cc-9d32-ffbc1e1a2cbd",
            "3514ddfb-a295-4879-aae4-1e896fdf2885"
          ],
          "failures": [
            "cf56cd3f-efdc-48c5-abbc-27e02fa10cfa",
            "3949dc0d-a47b-441c-8093-1333251b6393"
          ],
          "pending": [],
          "skipped": [],
          "duration": 153,
          "root": false,
          "rootEmpty": false,
          "_timeout": 2000
        }
      ],
      "passes": [],
      "failures": [],
      "pending": [],
      "skipped": [],
      "duration": 0,
      "root": true,
      "rootEmpty": true,
      "_timeout": 2000
    }
  ],
  "meta": {
    "mocha": {
      "version": "10.2.0"
    },
    "mochawesome": {
      "options": {
        "quiet": false,
        "reportFilename": "mochawesome",
        "saveHtml": true,
        "saveJson": true,
        "consoleReporter": "spec",
        "useInlineDiffs": false,
        "code": true
      },
      "version": "7.1.3"
    },
    "marge": {
      "options": null,
      "version": "6.2.0"
    }
  }
}