<?xml version="1.0" encoding="UTF-8" ?>
<testsuites errors="0"
            failures="6"
            tests="12">

  <testsuite name="test.contactUs"
    errors="0" failures="6" hostname="" id="" package="contactUs" skipped="0"
    tests="12" time="183.5" timestamp="">
  
    <testcase name="1.1 Checks Elements&#39; Visibility" classname="test.contactUs" time="6.633" assertions="6">

    

    

    

    

    

    
    </testcase>
  
    <testcase name="1.2 Mandatory Fields Submission For a Valid Submission" classname="test.contactUs" time="12.61" assertions="5">

    

    

    

    

    
    </testcase>
  
    <testcase name="1.3 First Scenario For Invalid Submission // Leaving Mail Blank" classname="test.contactUs" time="10.92" assertions="4">

    

    

    

    
    </testcase>
  
    <testcase name="1.4 Second Scenario For Invalid Submission // Leaving Message Blank" classname="test.contactUs" time="9.722" assertions="5">

    

    

    

    

    
    </testcase>
  
    <testcase name="1.5 Third Scenario For Invalid Submission // Leaving Subject Heading Blank" classname="test.contactUs" time="10.98" assertions="5">

    

    

    

    

    
    </testcase>
  
    <testcase name="1.6 Fourth Scenario For Invalid Submission // Submitting Without Entering Any Data" classname="test.contactUs" time="9.500" assertions="2">

      <failure message="Failed [equal]: (1 == 3) - expected &#34;3&#34; but got: &#34;1&#34; (1ms)">    at NightwatchAPI.&lt;anonymous&gt; (C:\Users\Ahmed.El-Sherbini\Desktop\proj\test\contactUs.js:154:24)</failure>

    
    </testcase>
  
    <testcase name="1.7 Fifth Scenario For Invalid Submission // Leaving Subject Heading and Email Blank" classname="test.contactUs" time="2.307" assertions="3">

    

      <failure message="Failed [equal]: (1 == 2) - expected &#34;2&#34; but got: &#34;1&#34; (0ms)">    at NightwatchAPI.&lt;anonymous&gt; (C:\Users\Ahmed.El-Sherbini\Desktop\proj\test\contactUs.js:173:24)</failure>

    
    </testcase>
  
    <testcase name="1.8 Sixth Scenario For Invalid Submission // Leaving Email and Message Blank" classname="test.contactUs" time="2.599" assertions="3">

    

      <failure message="Failed [equal]: (1 == 2) - expected &#34;2&#34; but got: &#34;1&#34; (0ms)">    at NightwatchAPI.&lt;anonymous&gt; (C:\Users\Ahmed.El-Sherbini\Desktop\proj\test\contactUs.js:199:24)</failure>

    
    </testcase>
  
    <testcase name="1.9 Seventh Scenario For Invalid Submission // Leaving Subject Heading and Message Blank" classname="test.contactUs" time="2.631" assertions="4">

    

    

      <failure message="Failed [equal]: (1 == 2) - expected &#34;2&#34; but got: &#34;1&#34; (0ms)">    at NightwatchAPI.&lt;anonymous&gt; (C:\Users\Ahmed.El-Sherbini\Desktop\proj\test\contactUs.js:223:24)</failure>

    
    </testcase>
  
    <testcase name="1.10 Eighth Scenario For Invalid Submission // Entering Invalid Email" classname="test.contactUs" time="10.76" assertions="7">

    

    

    

    

    

      <failure message="Expected element &lt;Section [name=contactUs],Element [name=@errorMessage]&gt; to be visible - element was not found - expected &#34;visible&#34; but got: &#34;not found&#34; (5553ms)">    at DescribeInstance.&lt;anonymous&gt; (C:\Users\Ahmed.El-Sherbini\Desktop\proj\test\contactUs.js:272:29)</failure>

    
    </testcase>
  
    <testcase name="1.11 Filling Mandatory Fields With Message Including 1000 CharactersGives Valid Submission -- Bug" classname="test.contactUs" time="10.37" assertions="5">

    

    

    

      <failure message="Expected element &lt;Section [name=contactUs],Element [name=@errorMessage]&gt; to be visible - element was not found - expected &#34;visible&#34; but got: &#34;not found&#34; (5034ms)">    at DescribeInstance.&lt;anonymous&gt; (C:\Users\Ahmed.El-Sherbini\Desktop\proj\test\contactUs.js:306:29)</failure>

    
    </testcase>
  
    <testcase name="1.12 Filling All Fields ( Required + Optional ) For a Valid Submission" classname="test.contactUs" time="2.716" assertions="6">

    

    

    

    

    

    
    </testcase>
  

  

    

  
  </testsuite>
</testsuites>
