<?xml version="1.0" encoding="UTF-8" ?>
<testsuites errors="0"
            failures="6"
            tests="12">

  <testsuite name="test.contactUs"
    errors="0" failures="6" hostname="" id="" package="contactUs" skipped="0"
    tests="12" time="163.4" timestamp="">
  
    <testcase name="1.1 Checks Elements&#39; Visibility" classname="test.contactUs" time="9.390" assertions="7">

    

    

    

    

    

    

    
    </testcase>
  
    <testcase name="1.2 Mandatory Fields Submission For a Valid Submission" classname="test.contactUs" time="8.670" assertions="5">

    

    

    

    

    
    </testcase>
  
    <testcase name="1.3 Invalid Submission // Leaving Mail Blank" classname="test.contactUs" time="9.037" assertions="4">

    

    

    

    
    </testcase>
  
    <testcase name="1.4 Invalid Submission // Leaving Message Blank" classname="test.contactUs" time="8.826" assertions="5">

    

    

    

    

    
    </testcase>
  
    <testcase name="1.5 Invalid Submission // Leaving Subject Heading Blank" classname="test.contactUs" time="9.038" assertions="5">

    

    

    

    

    
    </testcase>
  
    <testcase name="1.6 Invalid Submission // Submitting Leaving All Fields Blank" classname="test.contactUs" time="8.683" assertions="2">

      <failure message="Failed [equal]: (1 == 3) - expected &#34;3&#34; but got: &#34;1&#34; (1ms)">    at NightwatchAPI.&lt;anonymous&gt; (C:\Users\Ahmed.El-Sherbini\Desktop\New folder\UI\test\contactUs.js:156:24)</failure>

    
    </testcase>
  
    <testcase name="1.7 Invalid Submission // Leaving Subject Heading and Email Blank" classname="test.contactUs" time="2.373" assertions="3">

    

      <failure message="Failed [equal]: (1 == 2) - expected &#34;2&#34; but got: &#34;1&#34; (1ms)">    at NightwatchAPI.&lt;anonymous&gt; (C:\Users\Ahmed.El-Sherbini\Desktop\New folder\UI\test\contactUs.js:175:24)</failure>

    
    </testcase>
  
    <testcase name="1.8 Invalid Submission // Leaving Email and Message Blank" classname="test.contactUs" time="2.069" assertions="3">

    

      <failure message="Failed [equal]: (1 == 2) - expected &#34;2&#34; but got: &#34;1&#34; (1ms)">    at NightwatchAPI.&lt;anonymous&gt; (C:\Users\Ahmed.El-Sherbini\Desktop\New folder\UI\test\contactUs.js:201:24)</failure>

    
    </testcase>
  
    <testcase name="1.9 Invalid Submission // Leaving Subject Heading and Message Blank" classname="test.contactUs" time="2.359" assertions="4">

    

    

      <failure message="Failed [equal]: (1 == 2) - expected &#34;2&#34; but got: &#34;1&#34; (1ms)">    at NightwatchAPI.&lt;anonymous&gt; (C:\Users\Ahmed.El-Sherbini\Desktop\New folder\UI\test\contactUs.js:225:24)</failure>

    
    </testcase>
  
    <testcase name="1.10 Invalid Submission // Entering Invalid Email" classname="test.contactUs" time="9.314" assertions="7">

    

    

    

    

    

      <failure message="Expected element &lt;Section [name=contactUs],Element [name=@errorMessage]&gt; to be visible - element was not found - expected &#34;visible&#34; but got: &#34;not found&#34; (5537ms)">    at DescribeInstance.&lt;anonymous&gt; (C:\Users\Ahmed.El-Sherbini\Desktop\New folder\UI\test\contactUs.js:269:29)</failure>

    
    </testcase>
  
    <testcase name="1.11 Filling Mandatory Fields With Message Including 1000 Characters" classname="test.contactUs" time="9.944" assertions="5">

    

    

    

      <failure message="Expected element &lt;Section [name=contactUs],Element [name=@errorMessage]&gt; to be visible - element was not found - expected &#34;visible&#34; but got: &#34;not found&#34; (5481ms)">    at DescribeInstance.&lt;anonymous&gt; (C:\Users\Ahmed.El-Sherbini\Desktop\New folder\UI\test\contactUs.js:303:29)</failure>

    
    </testcase>
  
    <testcase name="1.12 Filling All Fields ( Required + Optional ) For a Valid Submission" classname="test.contactUs" time="1.975" assertions="6">

    

    

    

    

    

    
    </testcase>
  

  

    

  
  </testsuite>
</testsuites>
